<?xml version="1.0" encoding="UTF-8"?>
<testsuite xmlns:xsi="http://www.w3.org/2001/XMLSchema-instance" xsi:noNamespaceSchemaLocation="https://maven.apache.org/surefire/maven-surefire-plugin/xsd/surefire-test-report.xsd" version="3.0.2" name="com.pruebatecnica.productos.controller.ProductoControllerTest" time="47.427" tests="4" errors="0" skipped="0" failures="0">
  <properties>
[...]
</properties>
  <testcase name="listarProductos_paginado" classname="com.pruebatecnica.productos.controller.ProductoControllerTest" time="4.134">
    <system-out><![CDATA[14:50:38.872 [main] INFO org.springframework.test.context.support.AnnotationConfigContextLoaderUtils -- Could not detect default configuration classes for test class [com.pruebatecnica.productos.controller.ProductoControllerTest]: ProductoControllerTest does not declare any static, non-private, non-final, nested classes annotated with @Configuration.
14:50:42.018 [main] INFO org.springframework.boot.test.context.SpringBootTestContextBootstrapper -- Found @SpringBootConfiguration com.pruebatecnica.productos.ProductosApplication for test class com.pruebatecnica.productos.controller.ProductoControllerTest
14:50:43.715 [main] INFO org.springframework.boot.devtools.restart.RestartApplicationListener -- Restart disabled due to context in which it is running

  .   ____          _            __ _ _
 /\\ / ___'_ __ _ _(_)_ __  __ _ \ \ \ \
( ( )\___ | '_ | '_| | '_ \/ _` | \ \ \ \
 \\/  ___)| |_)| | | | | || (_| |  ) ) ) )
  '  |____| .__|_| |_|_| |_\__, | / / / /
 =========|_|==============|___/=/_/_/_/

 :: Spring Boot ::                (v3.5.3)

2025-07-18T14:50:50.697-05:00  INFO 28320 --- [productos] [           main] c.p.p.controller.ProductoControllerTest  : Starting ProductoControllerTest using Java 21.0.2 with PID 28320 (started by Tavo in C:\Users\Tavo\OneDrive\Documentos\GitHub\microservicios-productos-inventario\productos-service)
2025-07-18T14:50:50.944-05:00  INFO 28320 --- [productos] [           main] c.p.p.controller.ProductoControllerTest  : No active profile set, falling back to 1 default profile: "default"
2025-07-18T14:51:10.625-05:00  INFO 28320 --- [productos] [           main] o.s.v.b.OptionalValidatorFactoryBean     : Failed to set up a Bean Validation provider: jakarta.validation.NoProviderFoundException: Unable to create a Configuration, because no Jakarta Bean Validation provider could be found. Add a provider like Hibernate Validator (RI) to your classpath.
2025-07-18T14:51:16.592-05:00  INFO 28320 --- [productos] [           main] o.s.b.t.m.w.SpringBootMockServletContext : Initializing Spring TestDispatcherServlet ''
2025-07-18T14:51:16.606-05:00  INFO 28320 --- [productos] [           main] o.s.t.web.servlet.TestDispatcherServlet  : Initializing Servlet ''
2025-07-18T14:51:16.692-05:00  INFO 28320 --- [productos] [           main] o.s.t.web.servlet.TestDispatcherServlet  : Completed initialization in 25 ms
2025-07-18T14:51:17.216-05:00  INFO 28320 --- [productos] [           main] c.p.p.controller.ProductoControllerTest  : Started ProductoControllerTest in 33.677 seconds (process running for 55.525)
]]></system-out>
    <system-err><![CDATA[Mockito is currently self-attaching to enable the inline-mock-maker. This will no longer work in future releases of the JDK. Please add Mockito as an agent to your build as described in Mockito's documentation: https://javadoc.io/doc/org.mockito/mockito-core/latest/org.mockito/org/mockito/Mockito.html#0.3
WARNING: A Java agent has been loaded dynamically (C:\Users\Tavo\.m2\repository\net\bytebuddy\byte-buddy-agent\1.17.6\byte-buddy-agent-1.17.6.jar)
WARNING: If a serviceability tool is in use, please run with -XX:+EnableDynamicAgentLoading to hide this warning
WARNING: If a serviceability tool is not in use, please run with -Djdk.instrument.traceUsage for more information
WARNING: Dynamic loading of agents will be disallowed by default in a future release
]]></system-err>
  </testcase>
  <testcase name="crearProducto_exito" classname="com.pruebatecnica.productos.controller.ProductoControllerTest" time="1.026">
    <system-out><![CDATA[2025-07-18T14:51:22.465-05:00  INFO 28320 --- [productos] [           main] c.p.p.controller.ProductoController      : Producto creado con id 1
]]></system-out>
  </testcase>
  <testcase name="obtenerProducto_noEncontrado" classname="com.pruebatecnica.productos.controller.ProductoControllerTest" time="0.359">
    <system-out><![CDATA[2025-07-18T14:51:22.627-05:00  WARN 28320 --- [productos] [           main] c.p.p.config.GlobalExceptionHandler      : Recurso no encontrado: Producto no encontrado con id: 99
]]></system-out>
  </testcase>
  <testcase name="obtenerProducto_exito" classname="com.pruebatecnica.productos.controller.ProductoControllerTest" time="0.086"/>
</testsuite>